2021-06-06 19:30:56,250 PyNaCl is not installed, voice will NOT be supported
2021-06-06 19:36:26,376 PyNaCl is not installed, voice will NOT be supported
2021-06-06 19:36:55,636 PyNaCl is not installed, voice will NOT be supported
2021-06-06 19:37:46,366 PyNaCl is not installed, voice will NOT be supported
2021-06-06 19:38:51,815 PyNaCl is not installed, voice will NOT be supported
2021-06-06 19:41:08,902 PyNaCl is not installed, voice will NOT be supported
2021-06-06 19:41:41,381 PyNaCl is not installed, voice will NOT be supported
2021-06-06 19:44:24,878 PyNaCl is not installed, voice will NOT be supported
2021-06-06 19:46:50,529 PyNaCl is not installed, voice will NOT be supported
2021-06-06 19:47:29,164 PyNaCl is not installed, voice will NOT be supported
2021-06-07 14:30:45,610 PyNaCl is not installed, voice will NOT be supported
2021-06-07 14:31:22,581 PyNaCl is not installed, voice will NOT be supported
2021-06-07 14:32:56,121 PyNaCl is not installed, voice will NOT be supported
2021-06-07 14:57:32,407 PyNaCl is not installed, voice will NOT be supported
2021-06-07 14:58:02,785 PyNaCl is not installed, voice will NOT be supported
2021-06-07 15:01:47,439 PyNaCl is not installed, voice will NOT be supported
2021-06-07 15:02:09,467 PyNaCl is not installed, voice will NOT be supported
2021-06-07 15:03:22,980 PyNaCl is not installed, voice will NOT be supported
2021-06-07 15:04:24,103 PyNaCl is not installed, voice will NOT be supported
2021-06-07 15:05:04,088 PyNaCl is not installed, voice will NOT be supported
2021-06-07 15:06:33,726 PyNaCl is not installed, voice will NOT be supported
2021-06-07 17:08:35,529 PyNaCl is not installed, voice will NOT be supported
2021-06-07 17:08:44,386 PyNaCl is not installed, voice will NOT be supported
2021-06-07 17:23:27,514 PyNaCl is not installed, voice will NOT be supported
2021-06-07 17:24:29,349 PyNaCl is not installed, voice will NOT be supported
2021-06-07 17:25:49,111 PyNaCl is not installed, voice will NOT be supported
2021-06-07 17:26:56,712 PyNaCl is not installed, voice will NOT be supported
2021-06-07 17:29:55,625 PyNaCl is not installed, voice will NOT be supported
2021-06-07 17:31:45,275 PyNaCl is not installed, voice will NOT be supported
2021-06-07 17:31:56,133 PyNaCl is not installed, voice will NOT be supported
2021-06-07 17:34:51,206 PyNaCl is not installed, voice will NOT be supported
2021-06-07 17:36:58,894 PyNaCl is not installed, voice will NOT be supported
2021-06-07 17:39:33,498 PyNaCl is not installed, voice will NOT be supported
2021-06-07 17:41:55,820 PyNaCl is not installed, voice will NOT be supported
2021-06-07 17:43:00,515 PyNaCl is not installed, voice will NOT be supported
2021-06-07 17:49:17,587 PyNaCl is not installed, voice will NOT be supported
2021-06-07 17:51:45,703 PyNaCl is not installed, voice will NOT be supported
2021-06-07 17:54:41,731 PyNaCl is not installed, voice will NOT be supported
2021-06-07 17:59:27,491 PyNaCl is not installed, voice will NOT be supported
2021-06-08 09:53:10,588 PyNaCl is not installed, voice will NOT be supported
2021-06-08 09:54:09,961 PyNaCl is not installed, voice will NOT be supported
2021-06-08 09:54:17,090 PyNaCl is not installed, voice will NOT be supported
2021-06-08 09:57:12,707 PyNaCl is not installed, voice will NOT be supported
2021-06-08 09:57:55,374 PyNaCl is not installed, voice will NOT be supported
2021-06-08 10:21:54,557 PyNaCl is not installed, voice will NOT be supported
2021-06-08 10:25:16,255 We are being rate limited. Retrying in 0.16 seconds. Handled under the bucket "759112916178829362:None:/channels/{channel_id}/messages/{message_id}/reactions/{emoji}/@me"
2021-06-08 11:07:37,702 PyNaCl is not installed, voice will NOT be supported
2021-06-08 11:10:26,658 PyNaCl is not installed, voice will NOT be supported
2021-06-08 11:11:02,967 PyNaCl is not installed, voice will NOT be supported
2021-06-08 11:14:21,426 PyNaCl is not installed, voice will NOT be supported
2021-06-08 11:14:45,248 PyNaCl is not installed, voice will NOT be supported
2021-06-08 11:17:01,363 PyNaCl is not installed, voice will NOT be supported
2021-06-09 12:24:04,449 PyNaCl is not installed, voice will NOT be supported
2021-06-09 12:25:33,653 PyNaCl is not installed, voice will NOT be supported
2021-06-09 12:27:00,783 PyNaCl is not installed, voice will NOT be supported
2021-06-09 12:27:37,180 PyNaCl is not installed, voice will NOT be supported
2021-06-09 12:28:14,389 PyNaCl is not installed, voice will NOT be supported
2021-06-09 12:29:50,427 PyNaCl is not installed, voice will NOT be supported
2021-06-09 12:31:13,527 PyNaCl is not installed, voice will NOT be supported
2021-06-09 12:31:33,687 PyNaCl is not installed, voice will NOT be supported
2021-06-09 12:33:02,445 PyNaCl is not installed, voice will NOT be supported
2021-06-09 12:34:44,612 PyNaCl is not installed, voice will NOT be supported
2021-06-09 12:38:12,522 PyNaCl is not installed, voice will NOT be supported
2021-06-09 12:41:39,025 PyNaCl is not installed, voice will NOT be supported
2021-06-09 12:45:10,559 PyNaCl is not installed, voice will NOT be supported
2021-06-09 12:48:47,124 PyNaCl is not installed, voice will NOT be supported
2021-06-09 12:49:00,162 PyNaCl is not installed, voice will NOT be supported
2021-06-09 13:00:47,599 Command "??" is not found
2021-06-09 13:01:27,520 Command "????????" is not found
2021-06-09 21:19:00,062 PyNaCl is not installed, voice will NOT be supported
2021-06-21 14:20:26,446 PyNaCl is not installed, voice will NOT be supported
2021-06-21 14:20:58,840 PyNaCl is not installed, voice will NOT be supported
2021-06-21 14:21:27,318 PyNaCl is not installed, voice will NOT be supported
2021-06-21 14:21:45,502 PyNaCl is not installed, voice will NOT be supported
2021-06-24 10:46:21,816 PyNaCl is not installed, voice will NOT be supported
2021-06-24 10:47:08,505 PyNaCl is not installed, voice will NOT be supported
2021-06-24 10:47:25,055 PyNaCl is not installed, voice will NOT be supported
2021-06-24 11:05:10,068 PyNaCl is not installed, voice will NOT be supported
2021-06-24 11:05:42,177 Converting to "int" failed for parameter "num".
2021-06-24 11:06:26,025 Role 'Bot Builder' is required to run this command.
2021-06-24 11:06:59,747 PyNaCl is not installed, voice will NOT be supported
2021-06-24 11:07:10,936 Command raised an exception: NameError: name 'users' is not defined
2021-06-24 11:07:38,001 PyNaCl is not installed, voice will NOT be supported
2021-06-24 11:08:26,428 PyNaCl is not installed, voice will NOT be supported
2021-06-24 11:09:34,741 PyNaCl is not installed, voice will NOT be supported
2021-06-24 11:10:24,575 PyNaCl is not installed, voice will NOT be supported
2021-06-24 11:12:44,626 PyNaCl is not installed, voice will NOT be supported
2021-06-24 11:13:58,851 PyNaCl is not installed, voice will NOT be supported
2021-06-24 11:14:55,270 PyNaCl is not installed, voice will NOT be supported
2021-06-24 11:15:34,265 Converting to "int" failed for parameter "num".
2021-06-24 11:16:37,593 Converting to "int" failed for parameter "num".
2021-06-24 11:16:43,508 Role 'Bot Builder' is required to run this command.
2021-06-24 11:17:29,449 PyNaCl is not installed, voice will NOT be supported
2021-06-24 11:17:53,195 Converting to "int" failed for parameter "num".
2021-06-24 11:17:55,208 Command "strieks" is not found
2021-06-24 11:18:56,494 Converting to "int" failed for parameter "num".
2021-06-24 11:19:57,041 PyNaCl is not installed, voice will NOT be supported
2021-06-24 11:20:32,959 Command raised an exception: ValueError: invalid literal for int() with base 10: '0.1'
2021-06-24 11:24:36,924 PyNaCl is not installed, voice will NOT be supported
2021-06-24 11:26:59,417 Command "strieks" is not found
2021-07-16 19:27:38,404 arg is a required argument that is missing.
2021-07-16 19:28:47,634 arg is a required argument that is missing.
2021-07-16 19:29:27,202 Command "test" is not found
2021-07-16 19:29:49,202 shutdowncodes file was not created, creating...
2021-07-16 19:32:39,360 shutdowncodes file was not created, creating...
2021-07-16 19:33:48,010 shutdowncodes file was not created, creating...
2021-07-16 19:36:08,412 shutdowncodes file was not created, creating...
2021-07-16 19:38:07,947 ! Admin Shutdown the bot !
2021-07-16 19:40:30,113 ! compsup2#5005 Shutdown the bot !
2021-07-16 19:42:28,907 ! compsup2#5005 Shutdown the bot !
2021-07-16 19:42:42,572 ! compsup2#5005 Shutdown the bot !
2021-07-16 19:43:06,839 ! compsup2#5005 Shutdown the bot !
